<?xml version="1.0" encoding="UTF-8"?>
<testsuite xmlns:xsi="http://www.w3.org/2001/XMLSchema-instance" xsi:schemaLocation="https://maven.apache.org/surefire/maven-surefire-plugin/xsd/surefire-test-report.xsd" name="com.graphhopper.reader.osm.GraphHopperOSMTest" time="1.061" tests="25" errors="0" skipped="0" failures="0">
  <properties>
[...]
</properties>
  <testcase name="testCustomFactoryForNoneCH" classname="com.graphhopper.reader.osm.GraphHopperOSMTest" time="0.031"/>
  <testcase name="testGetPathsDirectionEnforcement1" classname="com.graphhopper.reader.osm.GraphHopperOSMTest" time="0.022"/>
  <testcase name="testGetPathsDirectionEnforcement2" classname="com.graphhopper.reader.osm.GraphHopperOSMTest" time="0.016"/>
  <testcase name="testGetPathsDirectionEnforcement3" classname="com.graphhopper.reader.osm.GraphHopperOSMTest" time="0.014"/>
  <testcase name="testGetPathsDirectionEnforcement4" classname="com.graphhopper.reader.osm.GraphHopperOSMTest" time="0.013"/>
  <testcase name="testGetPathsDirectionEnforcement5" classname="com.graphhopper.reader.osm.GraphHopperOSMTest" time="0.014"/>
  <testcase name="testGetPathsDirectionEnforcement6" classname="com.graphhopper.reader.osm.GraphHopperOSMTest" time="0.013"/>
  <testcase name="testDoNotAllowWritingAndLoadingAtTheSameTime" classname="com.graphhopper.reader.osm.GraphHopperOSMTest" time="0.05"/>
  <testcase name="testVia" classname="com.graphhopper.reader.osm.GraphHopperOSMTest" time="0.042"/>
  <testcase name="testMultipleLMPreparationsInParallel" classname="com.graphhopper.reader.osm.GraphHopperOSMTest" time="0.147"/>
  <testcase name="testPrepare" classname="com.graphhopper.reader.osm.GraphHopperOSMTest" time="0.023"/>
  <testcase name="testDoesNotCreateEmptyFolderIfLoadingFromNonExistingPath" classname="com.graphhopper.reader.osm.GraphHopperOSMTest" time="0.014"/>
  <testcase name="testSortedGraph_noCH" classname="com.graphhopper.reader.osm.GraphHopperOSMTest" time="0.018"/>
  <testcase name="testFootAndCar" classname="com.graphhopper.reader.osm.GraphHopperOSMTest" time="0.019"/>
  <testcase name="testLoadingWithDifferentCHConfig_issue471" classname="com.graphhopper.reader.osm.GraphHopperOSMTest" time="0.112"/>
  <testcase name="testLoadOSM" classname="com.graphhopper.reader.osm.GraphHopperOSMTest" time="0.065"/>
  <testcase name="testGetWeightingForCH" classname="com.graphhopper.reader.osm.GraphHopperOSMTest" time="0.001"/>
  <testcase name="testFailsForMissingParameters" classname="com.graphhopper.reader.osm.GraphHopperOSMTest" time="0.058"/>
  <testcase name="testAllowMultipleReadingInstances" classname="com.graphhopper.reader.osm.GraphHopperOSMTest" time="0.116"/>
  <testcase name="testLoadOSMNoCH" classname="com.graphhopper.reader.osm.GraphHopperOSMTest" time="0.066"/>
  <testcase name="testFootOnly" classname="com.graphhopper.reader.osm.GraphHopperOSMTest" time="0.016"/>
  <testcase name="testFailsForWrongConfig" classname="com.graphhopper.reader.osm.GraphHopperOSMTest" time="0.055"/>
  <testcase name="testGetMultipleWeightingsForCH" classname="com.graphhopper.reader.osm.GraphHopperOSMTest" time="0.008"/>
  <testcase name="testNoNPE_ifLoadNotSuccessful" classname="com.graphhopper.reader.osm.GraphHopperOSMTest" time="0.01"/>
  <testcase name="testMultipleCHPreparationsInParallel" classname="com.graphhopper.reader.osm.GraphHopperOSMTest" time="0.113"/>
</testsuite>