<?xml version="1.0" encoding="UTF-8"?>
<testsuite xmlns:xsi="http://www.w3.org/2001/XMLSchema-instance" xsi:schemaLocation="https://maven.apache.org/surefire/maven-surefire-plugin/xsd/surefire-test-report.xsd" name="com.graphhopper.routing.DijkstraOneToManyTest" time="0.065" tests="34" errors="0" skipped="0" failures="0">
  <properties>
[...]
</properties>
  <testcase name="testUseCacheZeroPath_issue707[NODE_BASED]" classname="com.graphhopper.routing.DijkstraOneToManyTest" time="0.007"/>
  <testcase name="testWeightLimit_issue380[NODE_BASED]" classname="com.graphhopper.routing.DijkstraOneToManyTest" time="0.002"/>
  <testcase name="testUseCache[NODE_BASED]" classname="com.graphhopper.routing.DijkstraOneToManyTest" time="0.002"/>
  <testcase name="testIssue182[NODE_BASED]" classname="com.graphhopper.routing.DijkstraOneToManyTest" time="0.001"/>
  <testcase name="testIssue239_and362[NODE_BASED]" classname="com.graphhopper.routing.DijkstraOneToManyTest" time="0.001"/>
  <testcase name="testDifferentEdgeFilter[NODE_BASED]" classname="com.graphhopper.routing.DijkstraOneToManyTest" time="0.003"/>
  <testcase name="testCalcFastestPath[NODE_BASED]" classname="com.graphhopper.routing.DijkstraOneToManyTest" time="0.006"/>
  <testcase name="testBidirectional[NODE_BASED]" classname="com.graphhopper.routing.DijkstraOneToManyTest" time="0.001"/>
  <testcase name="testWikipediaShortestPath[NODE_BASED]" classname="com.graphhopper.routing.DijkstraOneToManyTest" time="0.001"/>
  <testcase name="testCreateAlgoTwice[NODE_BASED]" classname="com.graphhopper.routing.DijkstraOneToManyTest" time="0.002"/>
  <testcase name="testDirectedGraphBug1[NODE_BASED]" classname="com.graphhopper.routing.DijkstraOneToManyTest" time="0.001"/>
  <testcase name="testDirectedGraphBug2[NODE_BASED]" classname="com.graphhopper.routing.DijkstraOneToManyTest" time="0.002"/>
  <testcase name="testMultipleVehicles_issue548[NODE_BASED]" classname="com.graphhopper.routing.DijkstraOneToManyTest" time="0.001"/>
  <testcase name="testBidirectionalLinear[NODE_BASED]" classname="com.graphhopper.routing.DijkstraOneToManyTest" time="0.003"/>
  <testcase name="testViaEdges_WithCoordinates[NODE_BASED]" classname="com.graphhopper.routing.DijkstraOneToManyTest" time="0"/>
  <testcase name="testCannotCalculateSP[NODE_BASED]" classname="com.graphhopper.routing.DijkstraOneToManyTest" time="0.001"/>
  <testcase name="testViaEdges_FromEqualsTo[NODE_BASED]" classname="com.graphhopper.routing.DijkstraOneToManyTest" time="0"/>
  <testcase name="testTwoWeightsPerEdge[NODE_BASED]" classname="com.graphhopper.routing.DijkstraOneToManyTest" time="0.001"/>
  <testcase name="test0SpeedButUnblocked_Issue242[NODE_BASED]" classname="com.graphhopper.routing.DijkstraOneToManyTest" time="0.002"/>
  <testcase name="testNoPathFound[NODE_BASED]" classname="com.graphhopper.routing.DijkstraOneToManyTest" time="0.005"/>
  <testcase name="testCalcFootPath[NODE_BASED]" classname="com.graphhopper.routing.DijkstraOneToManyTest" time="0.001"/>
  <testcase name="testQueryGraphAndFastest[NODE_BASED]" classname="com.graphhopper.routing.DijkstraOneToManyTest" time="0"/>
  <testcase name="testViaEdges_SpecialCases[NODE_BASED]" classname="com.graphhopper.routing.DijkstraOneToManyTest" time="0"/>
  <testcase name="testCalcShortestPath_sourceEqualsTarget[NODE_BASED]" classname="com.graphhopper.routing.DijkstraOneToManyTest" time="0.002"/>
  <testcase name="testBidirectional2[NODE_BASED]" classname="com.graphhopper.routing.DijkstraOneToManyTest" time="0.001"/>
  <testcase name="testCalcShortestPath[NODE_BASED]" classname="com.graphhopper.routing.DijkstraOneToManyTest" time="0.002"/>
  <testcase name="testViaEdges_BiGraph[NODE_BASED]" classname="com.graphhopper.routing.DijkstraOneToManyTest" time="0"/>
  <testcase name="testCalcIfEmptyWay[NODE_BASED]" classname="com.graphhopper.routing.DijkstraOneToManyTest" time="0.001"/>
  <testcase name="testSimpleAlternative[NODE_BASED]" classname="com.graphhopper.routing.DijkstraOneToManyTest" time="0.003"/>
  <testcase name="testWithCoordinates[NODE_BASED]" classname="com.graphhopper.routing.DijkstraOneToManyTest" time="0.001"/>
  <testcase name="testRekeyBugOfIntBinHeap[NODE_BASED]" classname="com.graphhopper.routing.DijkstraOneToManyTest" time="0.002"/>
  <testcase name="testCalcIf1EdgeAway[NODE_BASED]" classname="com.graphhopper.routing.DijkstraOneToManyTest" time="0.002"/>
  <testcase name="testMaxVisitedNodes[NODE_BASED]" classname="com.graphhopper.routing.DijkstraOneToManyTest" time="0.001"/>
  <testcase name="testTwoWeightsPerEdge2[NODE_BASED]" classname="com.graphhopper.routing.DijkstraOneToManyTest" time="0"/>
</testsuite>