<?xml version="1.0" encoding="UTF-8"?>
<testsuite xmlns:xsi="http://www.w3.org/2001/XMLSchema-instance" xsi:schemaLocation="https://maven.apache.org/surefire/maven-surefire-plugin/xsd/surefire-test-report.xsd" name="com.graphhopper.storage.GraphStorageViaMMapTest" time="3.589" tests="39" errors="0" skipped="0" failures="0">
  <properties>
[...]
</properties>
  <testcase name="testDetachEdge" classname="com.graphhopper.storage.GraphStorageViaMMapTest" time="0.096"/>
  <testcase name="testUnidirectionalEdgeFilter" classname="com.graphhopper.storage.GraphStorageViaMMapTest" time="0.079"/>
  <testcase name="testDontGrowOnUpdate" classname="com.graphhopper.storage.GraphStorageViaMMapTest" time="0.079"/>
  <testcase name="testDeleteNodeForUnidir" classname="com.graphhopper.storage.GraphStorageViaMMapTest" time="0.094"/>
  <testcase name="testIdenticalNodes2" classname="com.graphhopper.storage.GraphStorageViaMMapTest" time="0.08"/>
  <testcase name="testClone" classname="com.graphhopper.storage.GraphStorageViaMMapTest" time="0.173"/>
  <testcase name="testEdges" classname="com.graphhopper.storage.GraphStorageViaMMapTest" time="0.088"/>
  <testcase name="testFlags" classname="com.graphhopper.storage.GraphStorageViaMMapTest" time="0.089"/>
  <testcase name="testGetAllEdges" classname="com.graphhopper.storage.GraphStorageViaMMapTest" time="0.092"/>
  <testcase name="testFootMix" classname="com.graphhopper.storage.GraphStorageViaMMapTest" time="0.084"/>
  <testcase name="testUpdateUnidirectional" classname="com.graphhopper.storage.GraphStorageViaMMapTest" time="0.076"/>
  <testcase name="testDeleteAndOptimize" classname="com.graphhopper.storage.GraphStorageViaMMapTest" time="0.09"/>
  <testcase name="test8BytesFlags" classname="com.graphhopper.storage.GraphStorageViaMMapTest" time="0.002"/>
  <testcase name="testSimpleDelete" classname="com.graphhopper.storage.GraphStorageViaMMapTest" time="0.089"/>
  <testcase name="testComplexDeleteNode" classname="com.graphhopper.storage.GraphStorageViaMMapTest" time="0.092"/>
  <testcase name="testGetLocations" classname="com.graphhopper.storage.GraphStorageViaMMapTest" time="0.158"/>
  <testcase name="testGetAllEdgesWithDelete" classname="com.graphhopper.storage.GraphStorageViaMMapTest" time="0.095"/>
  <testcase name="testDozendEdges" classname="com.graphhopper.storage.GraphStorageViaMMapTest" time="0.087"/>
  <testcase name="testIdenticalNodes" classname="com.graphhopper.storage.GraphStorageViaMMapTest" time="0.083"/>
  <testcase name="testAddLocation" classname="com.graphhopper.storage.GraphStorageViaMMapTest" time="0.089"/>
  <testcase name="testComplexDeleteNode2" classname="com.graphhopper.storage.GraphStorageViaMMapTest" time="0.095"/>
  <testcase name="testEdgeProperties" classname="com.graphhopper.storage.GraphStorageViaMMapTest" time="0.097"/>
  <testcase name="testEnabledElevation" classname="com.graphhopper.storage.GraphStorageViaMMapTest" time="0.078"/>
  <testcase name="testSetTooBigDistance_435" classname="com.graphhopper.storage.GraphStorageViaMMapTest" time="0.08"/>
  <testcase name="testPropertiesWithNoInit" classname="com.graphhopper.storage.GraphStorageViaMMapTest" time="0.083"/>
  <testcase name="testCheckFirstNode" classname="com.graphhopper.storage.GraphStorageViaMMapTest" time="0.086"/>
  <testcase name="testUnidirectional" classname="com.graphhopper.storage.GraphStorageViaMMapTest" time="0.083"/>
  <testcase name="testBounds" classname="com.graphhopper.storage.GraphStorageViaMMapTest" time="0.08"/>
  <testcase name="testCopyTo" classname="com.graphhopper.storage.GraphStorageViaMMapTest" time="0.244"/>
  <testcase name="testSimpleDelete2" classname="com.graphhopper.storage.GraphStorageViaMMapTest" time="0.095"/>
  <testcase name="testSimpleDelete3" classname="com.graphhopper.storage.GraphStorageViaMMapTest" time="0.097"/>
  <testcase name="testCreateDuplicateEdges" classname="com.graphhopper.storage.GraphStorageViaMMapTest" time="0.081"/>
  <testcase name="testEdgeReturn" classname="com.graphhopper.storage.GraphStorageViaMMapTest" time="0.081"/>
  <testcase name="testCreateLocation" classname="com.graphhopper.storage.GraphStorageViaMMapTest" time="0.08"/>
  <testcase name="testPillarNodes" classname="com.graphhopper.storage.GraphStorageViaMMapTest" time="0.083"/>
  <testcase name="testNameIndex" classname="com.graphhopper.storage.GraphStorageViaMMapTest" time="0.082"/>
  <testcase name="testCopyProperties" classname="com.graphhopper.storage.GraphStorageViaMMapTest" time="0.081"/>
  <testcase name="testDirectional" classname="com.graphhopper.storage.GraphStorageViaMMapTest" time="0.082"/>
  <testcase name="testSetNodes" classname="com.graphhopper.storage.GraphStorageViaMMapTest" time="0.08"/>
</testsuite>