<?xml version="1.0" encoding="UTF-8"?>
<testsuite xmlns:xsi="http://www.w3.org/2001/XMLSchema-instance" xsi:schemaLocation="https://maven.apache.org/surefire/maven-surefire-plugin/xsd/surefire-test-report.xsd" name="com.graphhopper.routing.AStarTest" time="0.185" tests="112" errors="0" skipped="0" failures="0">
  <properties>
[...]
</properties>
  <testcase name="testCalcFastestPath[NODE_BASED]" classname="com.graphhopper.routing.AStarTest" time="0.002"/>
  <testcase name="testBidirectional[NODE_BASED]" classname="com.graphhopper.routing.AStarTest" time="0.002"/>
  <testcase name="testWikipediaShortestPath[NODE_BASED]" classname="com.graphhopper.routing.AStarTest" time="0.002"/>
  <testcase name="testCreateAlgoTwice[NODE_BASED]" classname="com.graphhopper.routing.AStarTest" time="0.002"/>
  <testcase name="testDirectedGraphBug1[NODE_BASED]" classname="com.graphhopper.routing.AStarTest" time="0.001"/>
  <testcase name="testDirectedGraphBug2[NODE_BASED]" classname="com.graphhopper.routing.AStarTest" time="0.004"/>
  <testcase name="testMultipleVehicles_issue548[NODE_BASED]" classname="com.graphhopper.routing.AStarTest" time="0.001"/>
  <testcase name="testBidirectionalLinear[NODE_BASED]" classname="com.graphhopper.routing.AStarTest" time="0.002"/>
  <testcase name="testViaEdges_WithCoordinates[NODE_BASED]" classname="com.graphhopper.routing.AStarTest" time="0.001"/>
  <testcase name="testCannotCalculateSP[NODE_BASED]" classname="com.graphhopper.routing.AStarTest" time="0.001"/>
  <testcase name="testViaEdges_FromEqualsTo[NODE_BASED]" classname="com.graphhopper.routing.AStarTest" time="0.003"/>
  <testcase name="testTwoWeightsPerEdge[NODE_BASED]" classname="com.graphhopper.routing.AStarTest" time="0.003"/>
  <testcase name="test0SpeedButUnblocked_Issue242[NODE_BASED]" classname="com.graphhopper.routing.AStarTest" time="0"/>
  <testcase name="testNoPathFound[NODE_BASED]" classname="com.graphhopper.routing.AStarTest" time="0.004"/>
  <testcase name="testCalcFootPath[NODE_BASED]" classname="com.graphhopper.routing.AStarTest" time="0.002"/>
  <testcase name="testQueryGraphAndFastest[NODE_BASED]" classname="com.graphhopper.routing.AStarTest" time="0.003"/>
  <testcase name="testViaEdges_SpecialCases[NODE_BASED]" classname="com.graphhopper.routing.AStarTest" time="0.002"/>
  <testcase name="testCalcShortestPath_sourceEqualsTarget[NODE_BASED]" classname="com.graphhopper.routing.AStarTest" time="0.001"/>
  <testcase name="testBidirectional2[NODE_BASED]" classname="com.graphhopper.routing.AStarTest" time="0.003"/>
  <testcase name="testCalcShortestPath[NODE_BASED]" classname="com.graphhopper.routing.AStarTest" time="0.001"/>
  <testcase name="testViaEdges_BiGraph[NODE_BASED]" classname="com.graphhopper.routing.AStarTest" time="0.004"/>
  <testcase name="testCalcIfEmptyWay[NODE_BASED]" classname="com.graphhopper.routing.AStarTest" time="0.002"/>
  <testcase name="testSimpleAlternative[NODE_BASED]" classname="com.graphhopper.routing.AStarTest" time="0.002"/>
  <testcase name="testWithCoordinates[NODE_BASED]" classname="com.graphhopper.routing.AStarTest" time="0.002"/>
  <testcase name="testRekeyBugOfIntBinHeap[NODE_BASED]" classname="com.graphhopper.routing.AStarTest" time="0.001"/>
  <testcase name="testCalcIf1EdgeAway[NODE_BASED]" classname="com.graphhopper.routing.AStarTest" time="0.001"/>
  <testcase name="testMaxVisitedNodes[NODE_BASED]" classname="com.graphhopper.routing.AStarTest" time="0.002"/>
  <testcase name="testTwoWeightsPerEdge2[NODE_BASED]" classname="com.graphhopper.routing.AStarTest" time="0.002"/>
  <testcase name="testCalcFastestPath[EDGE_BASED_1DIR]" classname="com.graphhopper.routing.AStarTest" time="0.003"/>
  <testcase name="testBidirectional[EDGE_BASED_1DIR]" classname="com.graphhopper.routing.AStarTest" time="0.002"/>
  <testcase name="testWikipediaShortestPath[EDGE_BASED_1DIR]" classname="com.graphhopper.routing.AStarTest" time="0.001"/>
  <testcase name="testCreateAlgoTwice[EDGE_BASED_1DIR]" classname="com.graphhopper.routing.AStarTest" time="0"/>
  <testcase name="testDirectedGraphBug1[EDGE_BASED_1DIR]" classname="com.graphhopper.routing.AStarTest" time="0.001"/>
  <testcase name="testDirectedGraphBug2[EDGE_BASED_1DIR]" classname="com.graphhopper.routing.AStarTest" time="0.002"/>
  <testcase name="testMultipleVehicles_issue548[EDGE_BASED_1DIR]" classname="com.graphhopper.routing.AStarTest" time="0.001"/>
  <testcase name="testBidirectionalLinear[EDGE_BASED_1DIR]" classname="com.graphhopper.routing.AStarTest" time="0.001"/>
  <testcase name="testViaEdges_WithCoordinates[EDGE_BASED_1DIR]" classname="com.graphhopper.routing.AStarTest" time="0.001"/>
  <testcase name="testCannotCalculateSP[EDGE_BASED_1DIR]" classname="com.graphhopper.routing.AStarTest" time="0.001"/>
  <testcase name="testViaEdges_FromEqualsTo[EDGE_BASED_1DIR]" classname="com.graphhopper.routing.AStarTest" time="0.004"/>
  <testcase name="testTwoWeightsPerEdge[EDGE_BASED_1DIR]" classname="com.graphhopper.routing.AStarTest" time="0"/>
  <testcase name="test0SpeedButUnblocked_Issue242[EDGE_BASED_1DIR]" classname="com.graphhopper.routing.AStarTest" time="0.001"/>
  <testcase name="testNoPathFound[EDGE_BASED_1DIR]" classname="com.graphhopper.routing.AStarTest" time="0.004"/>
  <testcase name="testCalcFootPath[EDGE_BASED_1DIR]" classname="com.graphhopper.routing.AStarTest" time="0.001"/>
  <testcase name="testQueryGraphAndFastest[EDGE_BASED_1DIR]" classname="com.graphhopper.routing.AStarTest" time="0.002"/>
  <testcase name="testViaEdges_SpecialCases[EDGE_BASED_1DIR]" classname="com.graphhopper.routing.AStarTest" time="0.005"/>
  <testcase name="testCalcShortestPath_sourceEqualsTarget[EDGE_BASED_1DIR]" classname="com.graphhopper.routing.AStarTest" time="0"/>
  <testcase name="testBidirectional2[EDGE_BASED_1DIR]" classname="com.graphhopper.routing.AStarTest" time="0"/>
  <testcase name="testCalcShortestPath[EDGE_BASED_1DIR]" classname="com.graphhopper.routing.AStarTest" time="0.002"/>
  <testcase name="testViaEdges_BiGraph[EDGE_BASED_1DIR]" classname="com.graphhopper.routing.AStarTest" time="0.001"/>
  <testcase name="testCalcIfEmptyWay[EDGE_BASED_1DIR]" classname="com.graphhopper.routing.AStarTest" time="0.001"/>
  <testcase name="testSimpleAlternative[EDGE_BASED_1DIR]" classname="com.graphhopper.routing.AStarTest" time="0.001"/>
  <testcase name="testWithCoordinates[EDGE_BASED_1DIR]" classname="com.graphhopper.routing.AStarTest" time="0.002"/>
  <testcase name="testRekeyBugOfIntBinHeap[EDGE_BASED_1DIR]" classname="com.graphhopper.routing.AStarTest" time="0.002"/>
  <testcase name="testCalcIf1EdgeAway[EDGE_BASED_1DIR]" classname="com.graphhopper.routing.AStarTest" time="0.001"/>
  <testcase name="testMaxVisitedNodes[EDGE_BASED_1DIR]" classname="com.graphhopper.routing.AStarTest" time="0.001"/>
  <testcase name="testTwoWeightsPerEdge2[EDGE_BASED_1DIR]" classname="com.graphhopper.routing.AStarTest" time="0.003"/>
  <testcase name="testCalcFastestPath[EDGE_BASED_2DIR]" classname="com.graphhopper.routing.AStarTest" time="0.002"/>
  <testcase name="testBidirectional[EDGE_BASED_2DIR]" classname="com.graphhopper.routing.AStarTest" time="0.002"/>
  <testcase name="testWikipediaShortestPath[EDGE_BASED_2DIR]" classname="com.graphhopper.routing.AStarTest" time="0.001"/>
  <testcase name="testCreateAlgoTwice[EDGE_BASED_2DIR]" classname="com.graphhopper.routing.AStarTest" time="0.001"/>
  <testcase name="testDirectedGraphBug1[EDGE_BASED_2DIR]" classname="com.graphhopper.routing.AStarTest" time="0.001"/>
  <testcase name="testDirectedGraphBug2[EDGE_BASED_2DIR]" classname="com.graphhopper.routing.AStarTest" time="0.002"/>
  <testcase name="testMultipleVehicles_issue548[EDGE_BASED_2DIR]" classname="com.graphhopper.routing.AStarTest" time="0.003"/>
  <testcase name="testBidirectionalLinear[EDGE_BASED_2DIR]" classname="com.graphhopper.routing.AStarTest" time="0.001"/>
  <testcase name="testViaEdges_WithCoordinates[EDGE_BASED_2DIR]" classname="com.graphhopper.routing.AStarTest" time="0.001"/>
  <testcase name="testCannotCalculateSP[EDGE_BASED_2DIR]" classname="com.graphhopper.routing.AStarTest" time="0.002"/>
  <testcase name="testViaEdges_FromEqualsTo[EDGE_BASED_2DIR]" classname="com.graphhopper.routing.AStarTest" time="0.001"/>
  <testcase name="testTwoWeightsPerEdge[EDGE_BASED_2DIR]" classname="com.graphhopper.routing.AStarTest" time="0.001"/>
  <testcase name="test0SpeedButUnblocked_Issue242[EDGE_BASED_2DIR]" classname="com.graphhopper.routing.AStarTest" time="0.001"/>
  <testcase name="testNoPathFound[EDGE_BASED_2DIR]" classname="com.graphhopper.routing.AStarTest" time="0.004"/>
  <testcase name="testCalcFootPath[EDGE_BASED_2DIR]" classname="com.graphhopper.routing.AStarTest" time="0.001"/>
  <testcase name="testQueryGraphAndFastest[EDGE_BASED_2DIR]" classname="com.graphhopper.routing.AStarTest" time="0.002"/>
  <testcase name="testViaEdges_SpecialCases[EDGE_BASED_2DIR]" classname="com.graphhopper.routing.AStarTest" time="0.001"/>
  <testcase name="testCalcShortestPath_sourceEqualsTarget[EDGE_BASED_2DIR]" classname="com.graphhopper.routing.AStarTest" time="0.001"/>
  <testcase name="testBidirectional2[EDGE_BASED_2DIR]" classname="com.graphhopper.routing.AStarTest" time="0.002"/>
  <testcase name="testCalcShortestPath[EDGE_BASED_2DIR]" classname="com.graphhopper.routing.AStarTest" time="0.001"/>
  <testcase name="testViaEdges_BiGraph[EDGE_BASED_2DIR]" classname="com.graphhopper.routing.AStarTest" time="0.002"/>
  <testcase name="testCalcIfEmptyWay[EDGE_BASED_2DIR]" classname="com.graphhopper.routing.AStarTest" time="0"/>
  <testcase name="testSimpleAlternative[EDGE_BASED_2DIR]" classname="com.graphhopper.routing.AStarTest" time="0.002"/>
  <testcase name="testWithCoordinates[EDGE_BASED_2DIR]" classname="com.graphhopper.routing.AStarTest" time="0.001"/>
  <testcase name="testRekeyBugOfIntBinHeap[EDGE_BASED_2DIR]" classname="com.graphhopper.routing.AStarTest" time="0.002"/>
  <testcase name="testCalcIf1EdgeAway[EDGE_BASED_2DIR]" classname="com.graphhopper.routing.AStarTest" time="0.001"/>
  <testcase name="testMaxVisitedNodes[EDGE_BASED_2DIR]" classname="com.graphhopper.routing.AStarTest" time="0.002"/>
  <testcase name="testTwoWeightsPerEdge2[EDGE_BASED_2DIR]" classname="com.graphhopper.routing.AStarTest" time="0.002"/>
  <testcase name="testCalcFastestPath[EDGE_BASED_2DIR_UTURN]" classname="com.graphhopper.routing.AStarTest" time="0.003"/>
  <testcase name="testBidirectional[EDGE_BASED_2DIR_UTURN]" classname="com.graphhopper.routing.AStarTest" time="0.001"/>
  <testcase name="testWikipediaShortestPath[EDGE_BASED_2DIR_UTURN]" classname="com.graphhopper.routing.AStarTest" time="0"/>
  <testcase name="testCreateAlgoTwice[EDGE_BASED_2DIR_UTURN]" classname="com.graphhopper.routing.AStarTest" time="0.001"/>
  <testcase name="testDirectedGraphBug1[EDGE_BASED_2DIR_UTURN]" classname="com.graphhopper.routing.AStarTest" time="0.002"/>
  <testcase name="testDirectedGraphBug2[EDGE_BASED_2DIR_UTURN]" classname="com.graphhopper.routing.AStarTest" time="0.001"/>
  <testcase name="testMultipleVehicles_issue548[EDGE_BASED_2DIR_UTURN]" classname="com.graphhopper.routing.AStarTest" time="0.001"/>
  <testcase name="testBidirectionalLinear[EDGE_BASED_2DIR_UTURN]" classname="com.graphhopper.routing.AStarTest" time="0.001"/>
  <testcase name="testViaEdges_WithCoordinates[EDGE_BASED_2DIR_UTURN]" classname="com.graphhopper.routing.AStarTest" time="0.002"/>
  <testcase name="testCannotCalculateSP[EDGE_BASED_2DIR_UTURN]" classname="com.graphhopper.routing.AStarTest" time="0.001"/>
  <testcase name="testViaEdges_FromEqualsTo[EDGE_BASED_2DIR_UTURN]" classname="com.graphhopper.routing.AStarTest" time="0.001"/>
  <testcase name="testTwoWeightsPerEdge[EDGE_BASED_2DIR_UTURN]" classname="com.graphhopper.routing.AStarTest" time="0.001"/>
  <testcase name="test0SpeedButUnblocked_Issue242[EDGE_BASED_2DIR_UTURN]" classname="com.graphhopper.routing.AStarTest" time="0.002"/>
  <testcase name="testNoPathFound[EDGE_BASED_2DIR_UTURN]" classname="com.graphhopper.routing.AStarTest" time="0.004"/>
  <testcase name="testCalcFootPath[EDGE_BASED_2DIR_UTURN]" classname="com.graphhopper.routing.AStarTest" time="0.001"/>
  <testcase name="testQueryGraphAndFastest[EDGE_BASED_2DIR_UTURN]" classname="com.graphhopper.routing.AStarTest" time="0.001"/>
  <testcase name="testViaEdges_SpecialCases[EDGE_BASED_2DIR_UTURN]" classname="com.graphhopper.routing.AStarTest" time="0.003"/>
  <testcase name="testCalcShortestPath_sourceEqualsTarget[EDGE_BASED_2DIR_UTURN]" classname="com.graphhopper.routing.AStarTest" time="0.001"/>
  <testcase name="testBidirectional2[EDGE_BASED_2DIR_UTURN]" classname="com.graphhopper.routing.AStarTest" time="0.001"/>
  <testcase name="testCalcShortestPath[EDGE_BASED_2DIR_UTURN]" classname="com.graphhopper.routing.AStarTest" time="0.001"/>
  <testcase name="testViaEdges_BiGraph[EDGE_BASED_2DIR_UTURN]" classname="com.graphhopper.routing.AStarTest" time="0.002"/>
  <testcase name="testCalcIfEmptyWay[EDGE_BASED_2DIR_UTURN]" classname="com.graphhopper.routing.AStarTest" time="0.001"/>
  <testcase name="testSimpleAlternative[EDGE_BASED_2DIR_UTURN]" classname="com.graphhopper.routing.AStarTest" time="0.001"/>
  <testcase name="testWithCoordinates[EDGE_BASED_2DIR_UTURN]" classname="com.graphhopper.routing.AStarTest" time="0.001"/>
  <testcase name="testRekeyBugOfIntBinHeap[EDGE_BASED_2DIR_UTURN]" classname="com.graphhopper.routing.AStarTest" time="0.002"/>
  <testcase name="testCalcIf1EdgeAway[EDGE_BASED_2DIR_UTURN]" classname="com.graphhopper.routing.AStarTest" time="0.001"/>
  <testcase name="testMaxVisitedNodes[EDGE_BASED_2DIR_UTURN]" classname="com.graphhopper.routing.AStarTest" time="0.002"/>
  <testcase name="testTwoWeightsPerEdge2[EDGE_BASED_2DIR_UTURN]" classname="com.graphhopper.routing.AStarTest" time="0.001"/>
</testsuite>