<?xml version="1.0" encoding="UTF-8"?>
<testsuite xmlns:xsi="http://www.w3.org/2001/XMLSchema-instance" xsi:schemaLocation="https://maven.apache.org/surefire/maven-surefire-plugin/xsd/surefire-test-report.xsd" name="com.graphhopper.storage.index.BresenhamLineTest" time="0.001" tests="9" errors="0" skipped="0" failures="0">
  <properties>
[...]
</properties>
  <testcase name="testBresenhamHorizontal" classname="com.graphhopper.storage.index.BresenhamLineTest" time="0"/>
  <testcase name="testBresenhamVertical" classname="com.graphhopper.storage.index.BresenhamLineTest" time="0"/>
  <testcase name="testBresenhamBug" classname="com.graphhopper.storage.index.BresenhamLineTest" time="0"/>
  <testcase name="testBresenhamToLeft" classname="com.graphhopper.storage.index.BresenhamLineTest" time="0"/>
  <testcase name="testBresenhamLineLeftDown" classname="com.graphhopper.storage.index.BresenhamLineTest" time="0"/>
  <testcase name="testBresenhamLineLeftUp" classname="com.graphhopper.storage.index.BresenhamLineTest" time="0"/>
  <testcase name="testRealBresenham" classname="com.graphhopper.storage.index.BresenhamLineTest" time="0"/>
  <testcase name="testBresenhamLineRightDown" classname="com.graphhopper.storage.index.BresenhamLineTest" time="0"/>
  <testcase name="testBresenhamLineRightUp" classname="com.graphhopper.storage.index.BresenhamLineTest" time="0"/>
</testsuite>